2023-03-29 02:03:34 [9@NFC-LAB01]
An email to itnfc@northernfoodcomplex.com was added to queue: [GLPI #0000005] งานไหม่ 
2023-03-29 02:03:34 [9@NFC-LAB01]
An email to itnfc@northernfoodcomplex.com was added to queue: [GLPI #0000005] แจ้งเคสใหม่ 
2023-03-29 02:03:34 [9@NFC-LAB01]
An email to sam47290800@gmail.com was added to queue: [GLPI #0000005] แจ้งเคสใหม่ 
2023-03-29 02:04:14 [9@NFC-LAB01]
An email to itnfc@northernfoodcomplex.com was added to queue: [GLPI #0000005] อัพเดทงาน 
2023-03-29 02:04:14 [9@NFC-LAB01]
An email to sam47290800@gmail.com was added to queue: [GLPI #0000005] อัพเดทงาน 
2023-03-29 02:04:15 [9@NFC-LAB01]
An email to itnfc@northernfoodcomplex.com was added to queue: [GLPI #0000005] อัพเดทงาน 
2023-03-29 02:04:15 [9@NFC-LAB01]
An email to sam47290800@gmail.com was added to queue: [GLPI #0000005] อัพเดทงาน 
2023-03-29 02:04:16 [9@NFC-LAB01]
An email to itnfc@northernfoodcomplex.com was added to queue: [GLPI #0000005] อัพเดทงาน 
2023-03-29 02:04:16 [9@NFC-LAB01]
An email to sam47290800@gmail.com was added to queue: [GLPI #0000005] อัพเดทงาน 
2023-03-29 02:04:16 [9@NFC-LAB01]
An email to itnfc@northernfoodcomplex.com was added to queue: [GLPI #0000005] อัพเดทงาน 
2023-03-29 02:04:16 [9@NFC-LAB01]
An email to sam47290800@gmail.com was added to queue: [GLPI #0000005] อัพเดทงาน 
2023-03-29 02:04:17 [9@NFC-LAB01]
An email to itnfc@northernfoodcomplex.com was added to queue: [GLPI #0000005] อัพเดทงาน 
2023-03-29 02:04:17 [9@NFC-LAB01]
An email to sam47290800@gmail.com was added to queue: [GLPI #0000005] อัพเดทงาน 
2023-04-05 06:14:13 [39@NFC-LAB01]
An email to itnfc@northernfoodcomplex.com was added to queue: [GLPI #0000006] แจ้งเคสใหม่ เข้า data-server ไม่ได้
2023-04-05 06:14:13 [39@NFC-LAB01]
An email to supichasupichaya@gmail.com was added to queue: [GLPI #0000006] แจ้งเคสใหม่ เข้า data-server ไม่ได้
2023-04-05 06:15:31 [9@NFC-LAB01]
An email to itnfc@northernfoodcomplex.com was added to queue: [GLPI #0000006] New followup เข้า data-server ไม่ได้
2023-04-05 06:15:32 [9@NFC-LAB01]
An email to supichasupichaya@gmail.com was added to queue: [GLPI #0000006] New followup เข้า data-server ไม่ได้
2023-04-05 06:15:46 [9@NFC-LAB01]
An email to itnfc@northernfoodcomplex.com was added to queue: [GLPI #0000006] ปิด Ticket เข้า data-server ไม่ได้
2023-04-05 06:15:46 [9@NFC-LAB01]
An email to supichasupichaya@gmail.com was added to queue: [GLPI #0000006] ปิด Ticket เข้า data-server ไม่ได้
2023-04-05 06:18:04 [9@NFC-LAB01]
An email to itnfc@northernfoodcomplex.com was added to queue: [GLPI #0000005] ปิด Ticket PM - IT01
2023-04-05 06:18:04 [9@NFC-LAB01]
An email to sam47290800@gmail.com was added to queue: [GLPI #0000005] ปิด Ticket PM - IT01
2023-04-05 06:18:27 [9@NFC-LAB01]
An email to itnfc@northernfoodcomplex.com was added to queue: [GLPI #0000004] ลบ Ticket test
2023-06-16 08:17:20 [9@NFC-LAB01]
An email to itnfc@northernfoodcomplex.com was added to queue: [GLPI #0000007] แจ้งเคสใหม่ คีย์บอร์ดค้าง
2023-06-16 08:18:13 [9@NFC-LAB01]
An email to itnfc@northernfoodcomplex.com was added to queue: [GLPI #0000003] New followup ไฟตก คอมพิวเตอร์ Boot ไม่ขึ้น
2023-06-16 08:18:13 [9@NFC-LAB01]
An email to sam47290800@gmail.com was added to queue: [GLPI #0000003] New followup ไฟตก คอมพิวเตอร์ Boot ไม่ขึ้น
2023-06-16 08:18:28 [9@NFC-LAB01]
An email to itnfc@northernfoodcomplex.com was added to queue: [GLPI #0000003] ปิด Ticket ไฟตก คอมพิวเตอร์ Boot ไม่ขึ้น
2023-06-16 08:18:28 [9@NFC-LAB01]
An email to sam47290800@gmail.com was added to queue: [GLPI #0000003] ปิด Ticket ไฟตก คอมพิวเตอร์ Boot ไม่ขึ้น
2023-06-16 08:18:56 [9@NFC-LAB01]
An email to itnfc@northernfoodcomplex.com was added to queue: [GLPI #0000007] New followup คีย์บอร์ดค้าง
2023-06-16 08:19:00 [9@NFC-LAB01]
An email to itnfc@northernfoodcomplex.com was added to queue: [GLPI #0000007] ปิด Ticket คีย์บอร์ดค้าง
