2023-04-04 04:16:18 [@NFC-LAB01]
Warning: an email was undeliverable to itnfc@northernfoodcomplex.com with 5 retries remaining. Message: [GLPI #0000005] งานไหม่ , Error: SMTP connect() failed. https://github.com/PHPMailer/PHPMailer/wiki/Troubleshooting
2023-04-04 04:16:18 [@NFC-LAB01]
Warning: an email was undeliverable to itnfc@northernfoodcomplex.com with 5 retries remaining. Message: [GLPI #0000005] แจ้งเคสใหม่ , Error: SMTP connect() failed. https://github.com/PHPMailer/PHPMailer/wiki/Troubleshooting
2023-04-04 04:16:18 [@NFC-LAB01]
Warning: an email was undeliverable to sam47290800@gmail.com with 5 retries remaining. Message: [GLPI #0000005] แจ้งเคสใหม่ , Error: SMTP connect() failed. https://github.com/PHPMailer/PHPMailer/wiki/Troubleshooting
2023-04-04 04:16:18 [@NFC-LAB01]
Warning: an email was undeliverable to itnfc@northernfoodcomplex.com with 5 retries remaining. Message: [GLPI #0000005] อัพเดทงาน , Error: SMTP connect() failed. https://github.com/PHPMailer/PHPMailer/wiki/Troubleshooting
2023-04-04 04:16:18 [@NFC-LAB01]
Warning: an email was undeliverable to sam47290800@gmail.com with 5 retries remaining. Message: [GLPI #0000005] อัพเดทงาน , Error: SMTP connect() failed. https://github.com/PHPMailer/PHPMailer/wiki/Troubleshooting
2023-04-04 04:16:18 [@NFC-LAB01]
Warning: an email was undeliverable to itnfc@northernfoodcomplex.com with 5 retries remaining. Message: [GLPI #0000005] อัพเดทงาน , Error: SMTP connect() failed. https://github.com/PHPMailer/PHPMailer/wiki/Troubleshooting
2023-04-04 04:16:18 [@NFC-LAB01]
Warning: an email was undeliverable to sam47290800@gmail.com with 5 retries remaining. Message: [GLPI #0000005] อัพเดทงาน , Error: SMTP connect() failed. https://github.com/PHPMailer/PHPMailer/wiki/Troubleshooting
2023-04-04 04:16:18 [@NFC-LAB01]
Warning: an email was undeliverable to itnfc@northernfoodcomplex.com with 5 retries remaining. Message: [GLPI #0000005] อัพเดทงาน , Error: SMTP connect() failed. https://github.com/PHPMailer/PHPMailer/wiki/Troubleshooting
2023-04-04 04:16:18 [@NFC-LAB01]
Warning: an email was undeliverable to sam47290800@gmail.com with 5 retries remaining. Message: [GLPI #0000005] อัพเดทงาน , Error: SMTP connect() failed. https://github.com/PHPMailer/PHPMailer/wiki/Troubleshooting
2023-04-04 04:16:18 [@NFC-LAB01]
Warning: an email was undeliverable to itnfc@northernfoodcomplex.com with 5 retries remaining. Message: [GLPI #0000005] อัพเดทงาน , Error: SMTP connect() failed. https://github.com/PHPMailer/PHPMailer/wiki/Troubleshooting
2023-04-04 04:16:18 [@NFC-LAB01]
Warning: an email was undeliverable to sam47290800@gmail.com with 5 retries remaining. Message: [GLPI #0000005] อัพเดทงาน , Error: SMTP connect() failed. https://github.com/PHPMailer/PHPMailer/wiki/Troubleshooting
2023-04-04 04:16:18 [@NFC-LAB01]
Warning: an email was undeliverable to itnfc@northernfoodcomplex.com with 5 retries remaining. Message: [GLPI #0000005] อัพเดทงาน , Error: SMTP connect() failed. https://github.com/PHPMailer/PHPMailer/wiki/Troubleshooting
2023-04-04 04:16:18 [@NFC-LAB01]
Warning: an email was undeliverable to sam47290800@gmail.com with 5 retries remaining. Message: [GLPI #0000005] อัพเดทงาน , Error: SMTP connect() failed. https://github.com/PHPMailer/PHPMailer/wiki/Troubleshooting
2023-04-05 06:12:39 [@NFC-LAB01]
Warning: an email was undeliverable to itnfc@northernfoodcomplex.com with 4 retries remaining. Message: [GLPI #0000005] งานไหม่ , Error: SMTP connect() failed. https://github.com/PHPMailer/PHPMailer/wiki/Troubleshooting
2023-04-05 06:12:39 [@NFC-LAB01]
Warning: an email was undeliverable to itnfc@northernfoodcomplex.com with 4 retries remaining. Message: [GLPI #0000005] แจ้งเคสใหม่ , Error: SMTP connect() failed. https://github.com/PHPMailer/PHPMailer/wiki/Troubleshooting
2023-04-05 06:12:39 [@NFC-LAB01]
Warning: an email was undeliverable to sam47290800@gmail.com with 4 retries remaining. Message: [GLPI #0000005] แจ้งเคสใหม่ , Error: SMTP connect() failed. https://github.com/PHPMailer/PHPMailer/wiki/Troubleshooting
2023-04-05 06:12:39 [@NFC-LAB01]
Warning: an email was undeliverable to itnfc@northernfoodcomplex.com with 4 retries remaining. Message: [GLPI #0000005] อัพเดทงาน , Error: SMTP connect() failed. https://github.com/PHPMailer/PHPMailer/wiki/Troubleshooting
2023-04-05 06:12:39 [@NFC-LAB01]
Warning: an email was undeliverable to sam47290800@gmail.com with 4 retries remaining. Message: [GLPI #0000005] อัพเดทงาน , Error: SMTP connect() failed. https://github.com/PHPMailer/PHPMailer/wiki/Troubleshooting
2023-04-05 06:12:39 [@NFC-LAB01]
Warning: an email was undeliverable to itnfc@northernfoodcomplex.com with 4 retries remaining. Message: [GLPI #0000005] อัพเดทงาน , Error: SMTP connect() failed. https://github.com/PHPMailer/PHPMailer/wiki/Troubleshooting
2023-04-05 06:12:39 [@NFC-LAB01]
Warning: an email was undeliverable to sam47290800@gmail.com with 4 retries remaining. Message: [GLPI #0000005] อัพเดทงาน , Error: SMTP connect() failed. https://github.com/PHPMailer/PHPMailer/wiki/Troubleshooting
2023-04-05 06:12:39 [@NFC-LAB01]
Warning: an email was undeliverable to itnfc@northernfoodcomplex.com with 4 retries remaining. Message: [GLPI #0000005] อัพเดทงาน , Error: SMTP connect() failed. https://github.com/PHPMailer/PHPMailer/wiki/Troubleshooting
2023-04-05 06:12:39 [@NFC-LAB01]
Warning: an email was undeliverable to sam47290800@gmail.com with 4 retries remaining. Message: [GLPI #0000005] อัพเดทงาน , Error: SMTP connect() failed. https://github.com/PHPMailer/PHPMailer/wiki/Troubleshooting
2023-04-05 06:12:39 [@NFC-LAB01]
Warning: an email was undeliverable to itnfc@northernfoodcomplex.com with 4 retries remaining. Message: [GLPI #0000005] อัพเดทงาน , Error: SMTP connect() failed. https://github.com/PHPMailer/PHPMailer/wiki/Troubleshooting
2023-04-05 06:12:39 [@NFC-LAB01]
Warning: an email was undeliverable to sam47290800@gmail.com with 4 retries remaining. Message: [GLPI #0000005] อัพเดทงาน , Error: SMTP connect() failed. https://github.com/PHPMailer/PHPMailer/wiki/Troubleshooting
2023-04-05 06:12:39 [@NFC-LAB01]
Warning: an email was undeliverable to itnfc@northernfoodcomplex.com with 4 retries remaining. Message: [GLPI #0000005] อัพเดทงาน , Error: SMTP connect() failed. https://github.com/PHPMailer/PHPMailer/wiki/Troubleshooting
2023-04-05 06:12:39 [@NFC-LAB01]
Warning: an email was undeliverable to sam47290800@gmail.com with 4 retries remaining. Message: [GLPI #0000005] อัพเดทงาน , Error: SMTP connect() failed. https://github.com/PHPMailer/PHPMailer/wiki/Troubleshooting
2023-04-07 04:51:55 [39@NFC-LAB01]
Warning: an email was undeliverable to itnfc@northernfoodcomplex.com with 5 retries remaining. Message: [GLPI #0000006] แจ้งเคสใหม่ เข้า data-server ไม่ได้, Error: SMTP connect() failed. https://github.com/PHPMailer/PHPMailer/wiki/Troubleshooting
2023-04-07 04:51:55 [39@NFC-LAB01]
Warning: an email was undeliverable to supichasupichaya@gmail.com with 5 retries remaining. Message: [GLPI #0000006] แจ้งเคสใหม่ เข้า data-server ไม่ได้, Error: SMTP connect() failed. https://github.com/PHPMailer/PHPMailer/wiki/Troubleshooting
2023-04-07 04:51:55 [39@NFC-LAB01]
Warning: an email was undeliverable to itnfc@northernfoodcomplex.com with 5 retries remaining. Message: [GLPI #0000006] New followup เข้า data-server ไม่ได้, Error: SMTP connect() failed. https://github.com/PHPMailer/PHPMailer/wiki/Troubleshooting
2023-04-07 04:51:55 [39@NFC-LAB01]
Warning: an email was undeliverable to supichasupichaya@gmail.com with 5 retries remaining. Message: [GLPI #0000006] New followup เข้า data-server ไม่ได้, Error: SMTP connect() failed. https://github.com/PHPMailer/PHPMailer/wiki/Troubleshooting
2023-04-07 04:51:55 [39@NFC-LAB01]
Warning: an email was undeliverable to itnfc@northernfoodcomplex.com with 5 retries remaining. Message: [GLPI #0000006] ปิด Ticket เข้า data-server ไม่ได้, Error: SMTP connect() failed. https://github.com/PHPMailer/PHPMailer/wiki/Troubleshooting
2023-04-07 04:51:55 [39@NFC-LAB01]
Warning: an email was undeliverable to supichasupichaya@gmail.com with 5 retries remaining. Message: [GLPI #0000006] ปิด Ticket เข้า data-server ไม่ได้, Error: SMTP connect() failed. https://github.com/PHPMailer/PHPMailer/wiki/Troubleshooting
2023-04-07 04:51:55 [39@NFC-LAB01]
Warning: an email was undeliverable to itnfc@northernfoodcomplex.com with 3 retries remaining. Message: [GLPI #0000005] งานไหม่ , Error: SMTP connect() failed. https://github.com/PHPMailer/PHPMailer/wiki/Troubleshooting
2023-04-07 04:51:55 [39@NFC-LAB01]
Warning: an email was undeliverable to itnfc@northernfoodcomplex.com with 3 retries remaining. Message: [GLPI #0000005] แจ้งเคสใหม่ , Error: SMTP connect() failed. https://github.com/PHPMailer/PHPMailer/wiki/Troubleshooting
2023-04-07 04:51:55 [39@NFC-LAB01]
Warning: an email was undeliverable to sam47290800@gmail.com with 3 retries remaining. Message: [GLPI #0000005] แจ้งเคสใหม่ , Error: SMTP connect() failed. https://github.com/PHPMailer/PHPMailer/wiki/Troubleshooting
2023-04-07 04:51:55 [39@NFC-LAB01]
Warning: an email was undeliverable to itnfc@northernfoodcomplex.com with 3 retries remaining. Message: [GLPI #0000005] อัพเดทงาน , Error: SMTP connect() failed. https://github.com/PHPMailer/PHPMailer/wiki/Troubleshooting
2023-04-07 04:51:55 [39@NFC-LAB01]
Warning: an email was undeliverable to sam47290800@gmail.com with 3 retries remaining. Message: [GLPI #0000005] อัพเดทงาน , Error: SMTP connect() failed. https://github.com/PHPMailer/PHPMailer/wiki/Troubleshooting
2023-04-07 04:51:55 [39@NFC-LAB01]
Warning: an email was undeliverable to itnfc@northernfoodcomplex.com with 3 retries remaining. Message: [GLPI #0000005] อัพเดทงาน , Error: SMTP connect() failed. https://github.com/PHPMailer/PHPMailer/wiki/Troubleshooting
2023-04-07 04:51:55 [39@NFC-LAB01]
Warning: an email was undeliverable to sam47290800@gmail.com with 3 retries remaining. Message: [GLPI #0000005] อัพเดทงาน , Error: SMTP connect() failed. https://github.com/PHPMailer/PHPMailer/wiki/Troubleshooting
2023-04-07 04:51:55 [39@NFC-LAB01]
Warning: an email was undeliverable to itnfc@northernfoodcomplex.com with 3 retries remaining. Message: [GLPI #0000005] อัพเดทงาน , Error: SMTP connect() failed. https://github.com/PHPMailer/PHPMailer/wiki/Troubleshooting
2023-04-07 04:51:55 [39@NFC-LAB01]
Warning: an email was undeliverable to sam47290800@gmail.com with 3 retries remaining. Message: [GLPI #0000005] อัพเดทงาน , Error: SMTP connect() failed. https://github.com/PHPMailer/PHPMailer/wiki/Troubleshooting
2023-04-07 04:51:55 [39@NFC-LAB01]
Warning: an email was undeliverable to itnfc@northernfoodcomplex.com with 3 retries remaining. Message: [GLPI #0000005] อัพเดทงาน , Error: SMTP connect() failed. https://github.com/PHPMailer/PHPMailer/wiki/Troubleshooting
2023-04-07 04:51:55 [39@NFC-LAB01]
Warning: an email was undeliverable to sam47290800@gmail.com with 3 retries remaining. Message: [GLPI #0000005] อัพเดทงาน , Error: SMTP connect() failed. https://github.com/PHPMailer/PHPMailer/wiki/Troubleshooting
2023-04-07 04:51:55 [39@NFC-LAB01]
Warning: an email was undeliverable to itnfc@northernfoodcomplex.com with 3 retries remaining. Message: [GLPI #0000005] อัพเดทงาน , Error: SMTP connect() failed. https://github.com/PHPMailer/PHPMailer/wiki/Troubleshooting
2023-04-07 04:51:55 [39@NFC-LAB01]
Warning: an email was undeliverable to sam47290800@gmail.com with 3 retries remaining. Message: [GLPI #0000005] อัพเดทงาน , Error: SMTP connect() failed. https://github.com/PHPMailer/PHPMailer/wiki/Troubleshooting
2023-04-07 04:51:55 [39@NFC-LAB01]
Warning: an email was undeliverable to itnfc@northernfoodcomplex.com with 5 retries remaining. Message: [GLPI #0000005] ปิด Ticket PM - IT01, Error: SMTP connect() failed. https://github.com/PHPMailer/PHPMailer/wiki/Troubleshooting
2023-04-07 04:51:55 [39@NFC-LAB01]
Warning: an email was undeliverable to sam47290800@gmail.com with 5 retries remaining. Message: [GLPI #0000005] ปิด Ticket PM - IT01, Error: SMTP connect() failed. https://github.com/PHPMailer/PHPMailer/wiki/Troubleshooting
2023-04-07 04:51:55 [39@NFC-LAB01]
Warning: an email was undeliverable to itnfc@northernfoodcomplex.com with 5 retries remaining. Message: [GLPI #0000004] ลบ Ticket test, Error: SMTP connect() failed. https://github.com/PHPMailer/PHPMailer/wiki/Troubleshooting
2023-06-16 03:17:52 [9@NFC-LAB01]
Warning: an email was undeliverable to itnfc@northernfoodcomplex.com with 2 retries remaining. Message: [GLPI #0000005] งานไหม่ , Error: SMTP connect() failed. https://github.com/PHPMailer/PHPMailer/wiki/Troubleshooting
2023-06-16 03:17:52 [9@NFC-LAB01]
Warning: an email was undeliverable to itnfc@northernfoodcomplex.com with 2 retries remaining. Message: [GLPI #0000005] แจ้งเคสใหม่ , Error: SMTP connect() failed. https://github.com/PHPMailer/PHPMailer/wiki/Troubleshooting
2023-06-16 03:17:52 [9@NFC-LAB01]
Warning: an email was undeliverable to sam47290800@gmail.com with 2 retries remaining. Message: [GLPI #0000005] แจ้งเคสใหม่ , Error: SMTP connect() failed. https://github.com/PHPMailer/PHPMailer/wiki/Troubleshooting
2023-06-16 03:17:52 [9@NFC-LAB01]
Warning: an email was undeliverable to itnfc@northernfoodcomplex.com with 2 retries remaining. Message: [GLPI #0000005] อัพเดทงาน , Error: SMTP connect() failed. https://github.com/PHPMailer/PHPMailer/wiki/Troubleshooting
2023-06-16 03:17:52 [9@NFC-LAB01]
Warning: an email was undeliverable to sam47290800@gmail.com with 2 retries remaining. Message: [GLPI #0000005] อัพเดทงาน , Error: SMTP connect() failed. https://github.com/PHPMailer/PHPMailer/wiki/Troubleshooting
2023-06-16 03:17:52 [9@NFC-LAB01]
Warning: an email was undeliverable to itnfc@northernfoodcomplex.com with 2 retries remaining. Message: [GLPI #0000005] อัพเดทงาน , Error: SMTP connect() failed. https://github.com/PHPMailer/PHPMailer/wiki/Troubleshooting
2023-06-16 03:17:53 [9@NFC-LAB01]
Warning: an email was undeliverable to sam47290800@gmail.com with 2 retries remaining. Message: [GLPI #0000005] อัพเดทงาน , Error: SMTP connect() failed. https://github.com/PHPMailer/PHPMailer/wiki/Troubleshooting
2023-06-16 03:17:53 [9@NFC-LAB01]
Warning: an email was undeliverable to itnfc@northernfoodcomplex.com with 2 retries remaining. Message: [GLPI #0000005] อัพเดทงาน , Error: SMTP connect() failed. https://github.com/PHPMailer/PHPMailer/wiki/Troubleshooting
2023-06-16 03:17:53 [9@NFC-LAB01]
Warning: an email was undeliverable to sam47290800@gmail.com with 2 retries remaining. Message: [GLPI #0000005] อัพเดทงาน , Error: SMTP connect() failed. https://github.com/PHPMailer/PHPMailer/wiki/Troubleshooting
2023-06-16 03:17:53 [9@NFC-LAB01]
Warning: an email was undeliverable to itnfc@northernfoodcomplex.com with 2 retries remaining. Message: [GLPI #0000005] อัพเดทงาน , Error: SMTP connect() failed. https://github.com/PHPMailer/PHPMailer/wiki/Troubleshooting
2023-06-16 03:17:53 [9@NFC-LAB01]
Warning: an email was undeliverable to sam47290800@gmail.com with 2 retries remaining. Message: [GLPI #0000005] อัพเดทงาน , Error: SMTP connect() failed. https://github.com/PHPMailer/PHPMailer/wiki/Troubleshooting
2023-06-16 03:17:53 [9@NFC-LAB01]
Warning: an email was undeliverable to itnfc@northernfoodcomplex.com with 2 retries remaining. Message: [GLPI #0000005] อัพเดทงาน , Error: SMTP connect() failed. https://github.com/PHPMailer/PHPMailer/wiki/Troubleshooting
2023-06-16 03:17:53 [9@NFC-LAB01]
Warning: an email was undeliverable to sam47290800@gmail.com with 2 retries remaining. Message: [GLPI #0000005] อัพเดทงาน , Error: SMTP connect() failed. https://github.com/PHPMailer/PHPMailer/wiki/Troubleshooting
2023-06-16 03:17:53 [9@NFC-LAB01]
Warning: an email was undeliverable to itnfc@northernfoodcomplex.com with 4 retries remaining. Message: [GLPI #0000006] แจ้งเคสใหม่ เข้า data-server ไม่ได้, Error: SMTP connect() failed. https://github.com/PHPMailer/PHPMailer/wiki/Troubleshooting
2023-06-16 03:17:53 [9@NFC-LAB01]
Warning: an email was undeliverable to supichasupichaya@gmail.com with 4 retries remaining. Message: [GLPI #0000006] แจ้งเคสใหม่ เข้า data-server ไม่ได้, Error: SMTP connect() failed. https://github.com/PHPMailer/PHPMailer/wiki/Troubleshooting
2023-06-16 03:17:53 [9@NFC-LAB01]
Warning: an email was undeliverable to itnfc@northernfoodcomplex.com with 4 retries remaining. Message: [GLPI #0000006] New followup เข้า data-server ไม่ได้, Error: SMTP connect() failed. https://github.com/PHPMailer/PHPMailer/wiki/Troubleshooting
2023-06-16 03:17:53 [9@NFC-LAB01]
Warning: an email was undeliverable to supichasupichaya@gmail.com with 4 retries remaining. Message: [GLPI #0000006] New followup เข้า data-server ไม่ได้, Error: SMTP connect() failed. https://github.com/PHPMailer/PHPMailer/wiki/Troubleshooting
2023-06-16 03:17:53 [9@NFC-LAB01]
Warning: an email was undeliverable to itnfc@northernfoodcomplex.com with 4 retries remaining. Message: [GLPI #0000006] ปิด Ticket เข้า data-server ไม่ได้, Error: SMTP connect() failed. https://github.com/PHPMailer/PHPMailer/wiki/Troubleshooting
2023-06-16 03:17:53 [9@NFC-LAB01]
Warning: an email was undeliverable to supichasupichaya@gmail.com with 4 retries remaining. Message: [GLPI #0000006] ปิด Ticket เข้า data-server ไม่ได้, Error: SMTP connect() failed. https://github.com/PHPMailer/PHPMailer/wiki/Troubleshooting
2023-06-16 03:17:53 [9@NFC-LAB01]
Warning: an email was undeliverable to itnfc@northernfoodcomplex.com with 4 retries remaining. Message: [GLPI #0000005] ปิด Ticket PM - IT01, Error: SMTP connect() failed. https://github.com/PHPMailer/PHPMailer/wiki/Troubleshooting
2023-06-16 03:17:53 [9@NFC-LAB01]
Warning: an email was undeliverable to sam47290800@gmail.com with 4 retries remaining. Message: [GLPI #0000005] ปิด Ticket PM - IT01, Error: SMTP connect() failed. https://github.com/PHPMailer/PHPMailer/wiki/Troubleshooting
2023-06-16 03:17:53 [9@NFC-LAB01]
Warning: an email was undeliverable to itnfc@northernfoodcomplex.com with 4 retries remaining. Message: [GLPI #0000004] ลบ Ticket test, Error: SMTP connect() failed. https://github.com/PHPMailer/PHPMailer/wiki/Troubleshooting
2023-06-16 04:21:30 [@NFC-LAB01]
Warning: an email was undeliverable to itnfc@northernfoodcomplex.com with 1 retries remaining. Message: [GLPI #0000005] งานไหม่ , Error: SMTP connect() failed. https://github.com/PHPMailer/PHPMailer/wiki/Troubleshooting
2023-06-16 04:21:30 [@NFC-LAB01]
Warning: an email was undeliverable to itnfc@northernfoodcomplex.com with 1 retries remaining. Message: [GLPI #0000005] แจ้งเคสใหม่ , Error: SMTP connect() failed. https://github.com/PHPMailer/PHPMailer/wiki/Troubleshooting
2023-06-16 04:21:30 [@NFC-LAB01]
Warning: an email was undeliverable to sam47290800@gmail.com with 1 retries remaining. Message: [GLPI #0000005] แจ้งเคสใหม่ , Error: SMTP connect() failed. https://github.com/PHPMailer/PHPMailer/wiki/Troubleshooting
2023-06-16 04:21:30 [@NFC-LAB01]
Warning: an email was undeliverable to itnfc@northernfoodcomplex.com with 1 retries remaining. Message: [GLPI #0000005] อัพเดทงาน , Error: SMTP connect() failed. https://github.com/PHPMailer/PHPMailer/wiki/Troubleshooting
2023-06-16 04:21:30 [@NFC-LAB01]
Warning: an email was undeliverable to sam47290800@gmail.com with 1 retries remaining. Message: [GLPI #0000005] อัพเดทงาน , Error: SMTP connect() failed. https://github.com/PHPMailer/PHPMailer/wiki/Troubleshooting
2023-06-16 04:21:30 [@NFC-LAB01]
Warning: an email was undeliverable to itnfc@northernfoodcomplex.com with 1 retries remaining. Message: [GLPI #0000005] อัพเดทงาน , Error: SMTP connect() failed. https://github.com/PHPMailer/PHPMailer/wiki/Troubleshooting
2023-06-16 04:21:30 [@NFC-LAB01]
Warning: an email was undeliverable to sam47290800@gmail.com with 1 retries remaining. Message: [GLPI #0000005] อัพเดทงาน , Error: SMTP connect() failed. https://github.com/PHPMailer/PHPMailer/wiki/Troubleshooting
2023-06-16 04:21:30 [@NFC-LAB01]
Warning: an email was undeliverable to itnfc@northernfoodcomplex.com with 1 retries remaining. Message: [GLPI #0000005] อัพเดทงาน , Error: SMTP connect() failed. https://github.com/PHPMailer/PHPMailer/wiki/Troubleshooting
2023-06-16 04:21:30 [@NFC-LAB01]
Warning: an email was undeliverable to sam47290800@gmail.com with 1 retries remaining. Message: [GLPI #0000005] อัพเดทงาน , Error: SMTP connect() failed. https://github.com/PHPMailer/PHPMailer/wiki/Troubleshooting
2023-06-16 04:21:30 [@NFC-LAB01]
Warning: an email was undeliverable to itnfc@northernfoodcomplex.com with 1 retries remaining. Message: [GLPI #0000005] อัพเดทงาน , Error: SMTP connect() failed. https://github.com/PHPMailer/PHPMailer/wiki/Troubleshooting
2023-06-16 04:21:30 [@NFC-LAB01]
Warning: an email was undeliverable to sam47290800@gmail.com with 1 retries remaining. Message: [GLPI #0000005] อัพเดทงาน , Error: SMTP connect() failed. https://github.com/PHPMailer/PHPMailer/wiki/Troubleshooting
2023-06-16 04:21:30 [@NFC-LAB01]
Warning: an email was undeliverable to itnfc@northernfoodcomplex.com with 1 retries remaining. Message: [GLPI #0000005] อัพเดทงาน , Error: SMTP connect() failed. https://github.com/PHPMailer/PHPMailer/wiki/Troubleshooting
2023-06-16 04:21:30 [@NFC-LAB01]
Warning: an email was undeliverable to sam47290800@gmail.com with 1 retries remaining. Message: [GLPI #0000005] อัพเดทงาน , Error: SMTP connect() failed. https://github.com/PHPMailer/PHPMailer/wiki/Troubleshooting
2023-06-16 04:21:30 [@NFC-LAB01]
Warning: an email was undeliverable to itnfc@northernfoodcomplex.com with 3 retries remaining. Message: [GLPI #0000006] แจ้งเคสใหม่ เข้า data-server ไม่ได้, Error: SMTP connect() failed. https://github.com/PHPMailer/PHPMailer/wiki/Troubleshooting
2023-06-16 04:21:30 [@NFC-LAB01]
Warning: an email was undeliverable to supichasupichaya@gmail.com with 3 retries remaining. Message: [GLPI #0000006] แจ้งเคสใหม่ เข้า data-server ไม่ได้, Error: SMTP connect() failed. https://github.com/PHPMailer/PHPMailer/wiki/Troubleshooting
2023-06-16 04:21:30 [@NFC-LAB01]
Warning: an email was undeliverable to itnfc@northernfoodcomplex.com with 3 retries remaining. Message: [GLPI #0000006] New followup เข้า data-server ไม่ได้, Error: SMTP connect() failed. https://github.com/PHPMailer/PHPMailer/wiki/Troubleshooting
2023-06-16 04:21:31 [@NFC-LAB01]
Warning: an email was undeliverable to supichasupichaya@gmail.com with 3 retries remaining. Message: [GLPI #0000006] New followup เข้า data-server ไม่ได้, Error: SMTP connect() failed. https://github.com/PHPMailer/PHPMailer/wiki/Troubleshooting
2023-06-16 04:21:31 [@NFC-LAB01]
Warning: an email was undeliverable to itnfc@northernfoodcomplex.com with 3 retries remaining. Message: [GLPI #0000006] ปิด Ticket เข้า data-server ไม่ได้, Error: SMTP connect() failed. https://github.com/PHPMailer/PHPMailer/wiki/Troubleshooting
2023-06-16 04:21:31 [@NFC-LAB01]
Warning: an email was undeliverable to supichasupichaya@gmail.com with 3 retries remaining. Message: [GLPI #0000006] ปิด Ticket เข้า data-server ไม่ได้, Error: SMTP connect() failed. https://github.com/PHPMailer/PHPMailer/wiki/Troubleshooting
2023-06-16 04:21:31 [@NFC-LAB01]
Warning: an email was undeliverable to itnfc@northernfoodcomplex.com with 3 retries remaining. Message: [GLPI #0000005] ปิด Ticket PM - IT01, Error: SMTP connect() failed. https://github.com/PHPMailer/PHPMailer/wiki/Troubleshooting
2023-06-16 04:21:31 [@NFC-LAB01]
Warning: an email was undeliverable to sam47290800@gmail.com with 3 retries remaining. Message: [GLPI #0000005] ปิด Ticket PM - IT01, Error: SMTP connect() failed. https://github.com/PHPMailer/PHPMailer/wiki/Troubleshooting
2023-06-16 04:21:31 [@NFC-LAB01]
Warning: an email was undeliverable to itnfc@northernfoodcomplex.com with 3 retries remaining. Message: [GLPI #0000004] ลบ Ticket test, Error: SMTP connect() failed. https://github.com/PHPMailer/PHPMailer/wiki/Troubleshooting
2023-06-16 04:55:18 [9@NFC-LAB01]
Warning: an email was undeliverable to itnfc@northernfoodcomplex.com with 0 retries remaining. Message: [GLPI #0000005] งานไหม่ , Error: SMTP connect() failed. https://github.com/PHPMailer/PHPMailer/wiki/Troubleshooting
2023-06-16 04:55:18 [9@NFC-LAB01]
Fatal error: giving up delivery of email to itnfc@northernfoodcomplex.com: [GLPI #0000005] งานไหม่ 
2023-06-16 04:55:18 [9@NFC-LAB01]
Warning: an email was undeliverable to itnfc@northernfoodcomplex.com with 0 retries remaining. Message: [GLPI #0000005] แจ้งเคสใหม่ , Error: SMTP connect() failed. https://github.com/PHPMailer/PHPMailer/wiki/Troubleshooting
2023-06-16 04:55:18 [9@NFC-LAB01]
Fatal error: giving up delivery of email to itnfc@northernfoodcomplex.com: [GLPI #0000005] แจ้งเคสใหม่ 
2023-06-16 04:55:18 [9@NFC-LAB01]
Warning: an email was undeliverable to sam47290800@gmail.com with 0 retries remaining. Message: [GLPI #0000005] แจ้งเคสใหม่ , Error: SMTP connect() failed. https://github.com/PHPMailer/PHPMailer/wiki/Troubleshooting
2023-06-16 04:55:18 [9@NFC-LAB01]
Fatal error: giving up delivery of email to sam47290800@gmail.com: [GLPI #0000005] แจ้งเคสใหม่ 
2023-06-16 04:55:18 [9@NFC-LAB01]
Warning: an email was undeliverable to itnfc@northernfoodcomplex.com with 0 retries remaining. Message: [GLPI #0000005] อัพเดทงาน , Error: SMTP connect() failed. https://github.com/PHPMailer/PHPMailer/wiki/Troubleshooting
2023-06-16 04:55:18 [9@NFC-LAB01]
Fatal error: giving up delivery of email to itnfc@northernfoodcomplex.com: [GLPI #0000005] อัพเดทงาน 
2023-06-16 04:55:18 [9@NFC-LAB01]
Warning: an email was undeliverable to sam47290800@gmail.com with 0 retries remaining. Message: [GLPI #0000005] อัพเดทงาน , Error: SMTP connect() failed. https://github.com/PHPMailer/PHPMailer/wiki/Troubleshooting
2023-06-16 04:55:18 [9@NFC-LAB01]
Fatal error: giving up delivery of email to sam47290800@gmail.com: [GLPI #0000005] อัพเดทงาน 
2023-06-16 04:55:18 [9@NFC-LAB01]
Warning: an email was undeliverable to itnfc@northernfoodcomplex.com with 0 retries remaining. Message: [GLPI #0000005] อัพเดทงาน , Error: SMTP connect() failed. https://github.com/PHPMailer/PHPMailer/wiki/Troubleshooting
2023-06-16 04:55:18 [9@NFC-LAB01]
Fatal error: giving up delivery of email to itnfc@northernfoodcomplex.com: [GLPI #0000005] อัพเดทงาน 
2023-06-16 04:55:18 [9@NFC-LAB01]
Warning: an email was undeliverable to sam47290800@gmail.com with 0 retries remaining. Message: [GLPI #0000005] อัพเดทงาน , Error: SMTP connect() failed. https://github.com/PHPMailer/PHPMailer/wiki/Troubleshooting
2023-06-16 04:55:18 [9@NFC-LAB01]
Fatal error: giving up delivery of email to sam47290800@gmail.com: [GLPI #0000005] อัพเดทงาน 
2023-06-16 04:55:18 [9@NFC-LAB01]
Warning: an email was undeliverable to itnfc@northernfoodcomplex.com with 0 retries remaining. Message: [GLPI #0000005] อัพเดทงาน , Error: SMTP connect() failed. https://github.com/PHPMailer/PHPMailer/wiki/Troubleshooting
2023-06-16 04:55:18 [9@NFC-LAB01]
Fatal error: giving up delivery of email to itnfc@northernfoodcomplex.com: [GLPI #0000005] อัพเดทงาน 
2023-06-16 04:55:18 [9@NFC-LAB01]
Warning: an email was undeliverable to sam47290800@gmail.com with 0 retries remaining. Message: [GLPI #0000005] อัพเดทงาน , Error: SMTP connect() failed. https://github.com/PHPMailer/PHPMailer/wiki/Troubleshooting
2023-06-16 04:55:18 [9@NFC-LAB01]
Fatal error: giving up delivery of email to sam47290800@gmail.com: [GLPI #0000005] อัพเดทงาน 
2023-06-16 04:55:18 [9@NFC-LAB01]
Warning: an email was undeliverable to itnfc@northernfoodcomplex.com with 0 retries remaining. Message: [GLPI #0000005] อัพเดทงาน , Error: SMTP connect() failed. https://github.com/PHPMailer/PHPMailer/wiki/Troubleshooting
2023-06-16 04:55:18 [9@NFC-LAB01]
Fatal error: giving up delivery of email to itnfc@northernfoodcomplex.com: [GLPI #0000005] อัพเดทงาน 
2023-06-16 04:55:18 [9@NFC-LAB01]
Warning: an email was undeliverable to sam47290800@gmail.com with 0 retries remaining. Message: [GLPI #0000005] อัพเดทงาน , Error: SMTP connect() failed. https://github.com/PHPMailer/PHPMailer/wiki/Troubleshooting
2023-06-16 04:55:18 [9@NFC-LAB01]
Fatal error: giving up delivery of email to sam47290800@gmail.com: [GLPI #0000005] อัพเดทงาน 
2023-06-16 04:55:18 [9@NFC-LAB01]
Warning: an email was undeliverable to itnfc@northernfoodcomplex.com with 0 retries remaining. Message: [GLPI #0000005] อัพเดทงาน , Error: SMTP connect() failed. https://github.com/PHPMailer/PHPMailer/wiki/Troubleshooting
2023-06-16 04:55:18 [9@NFC-LAB01]
Fatal error: giving up delivery of email to itnfc@northernfoodcomplex.com: [GLPI #0000005] อัพเดทงาน 
2023-06-16 04:55:18 [9@NFC-LAB01]
Warning: an email was undeliverable to sam47290800@gmail.com with 0 retries remaining. Message: [GLPI #0000005] อัพเดทงาน , Error: SMTP connect() failed. https://github.com/PHPMailer/PHPMailer/wiki/Troubleshooting
2023-06-16 04:55:18 [9@NFC-LAB01]
Fatal error: giving up delivery of email to sam47290800@gmail.com: [GLPI #0000005] อัพเดทงาน 
2023-06-16 04:55:18 [9@NFC-LAB01]
Warning: an email was undeliverable to itnfc@northernfoodcomplex.com with 2 retries remaining. Message: [GLPI #0000006] แจ้งเคสใหม่ เข้า data-server ไม่ได้, Error: SMTP connect() failed. https://github.com/PHPMailer/PHPMailer/wiki/Troubleshooting
2023-06-16 04:55:18 [9@NFC-LAB01]
Warning: an email was undeliverable to supichasupichaya@gmail.com with 2 retries remaining. Message: [GLPI #0000006] แจ้งเคสใหม่ เข้า data-server ไม่ได้, Error: SMTP connect() failed. https://github.com/PHPMailer/PHPMailer/wiki/Troubleshooting
2023-06-16 04:55:18 [9@NFC-LAB01]
Warning: an email was undeliverable to itnfc@northernfoodcomplex.com with 2 retries remaining. Message: [GLPI #0000006] New followup เข้า data-server ไม่ได้, Error: SMTP connect() failed. https://github.com/PHPMailer/PHPMailer/wiki/Troubleshooting
2023-06-16 04:55:18 [9@NFC-LAB01]
Warning: an email was undeliverable to supichasupichaya@gmail.com with 2 retries remaining. Message: [GLPI #0000006] New followup เข้า data-server ไม่ได้, Error: SMTP connect() failed. https://github.com/PHPMailer/PHPMailer/wiki/Troubleshooting
2023-06-16 04:55:18 [9@NFC-LAB01]
Warning: an email was undeliverable to itnfc@northernfoodcomplex.com with 2 retries remaining. Message: [GLPI #0000006] ปิด Ticket เข้า data-server ไม่ได้, Error: SMTP connect() failed. https://github.com/PHPMailer/PHPMailer/wiki/Troubleshooting
2023-06-16 04:55:18 [9@NFC-LAB01]
Warning: an email was undeliverable to supichasupichaya@gmail.com with 2 retries remaining. Message: [GLPI #0000006] ปิด Ticket เข้า data-server ไม่ได้, Error: SMTP connect() failed. https://github.com/PHPMailer/PHPMailer/wiki/Troubleshooting
2023-06-16 04:55:18 [9@NFC-LAB01]
Warning: an email was undeliverable to itnfc@northernfoodcomplex.com with 2 retries remaining. Message: [GLPI #0000005] ปิด Ticket PM - IT01, Error: SMTP connect() failed. https://github.com/PHPMailer/PHPMailer/wiki/Troubleshooting
2023-06-16 04:55:18 [9@NFC-LAB01]
Warning: an email was undeliverable to sam47290800@gmail.com with 2 retries remaining. Message: [GLPI #0000005] ปิด Ticket PM - IT01, Error: SMTP connect() failed. https://github.com/PHPMailer/PHPMailer/wiki/Troubleshooting
2023-06-16 04:55:18 [9@NFC-LAB01]
Warning: an email was undeliverable to itnfc@northernfoodcomplex.com with 2 retries remaining. Message: [GLPI #0000004] ลบ Ticket test, Error: SMTP connect() failed. https://github.com/PHPMailer/PHPMailer/wiki/Troubleshooting
2023-06-16 05:50:20 [9@NFC-LAB01]
Warning: an email was undeliverable to itnfc@northernfoodcomplex.com with 1 retries remaining. Message: [GLPI #0000006] แจ้งเคสใหม่ เข้า data-server ไม่ได้, Error: SMTP connect() failed. https://github.com/PHPMailer/PHPMailer/wiki/Troubleshooting
2023-06-16 05:50:20 [9@NFC-LAB01]
Warning: an email was undeliverable to supichasupichaya@gmail.com with 1 retries remaining. Message: [GLPI #0000006] แจ้งเคสใหม่ เข้า data-server ไม่ได้, Error: SMTP connect() failed. https://github.com/PHPMailer/PHPMailer/wiki/Troubleshooting
2023-06-16 05:50:20 [9@NFC-LAB01]
Warning: an email was undeliverable to itnfc@northernfoodcomplex.com with 1 retries remaining. Message: [GLPI #0000006] New followup เข้า data-server ไม่ได้, Error: SMTP connect() failed. https://github.com/PHPMailer/PHPMailer/wiki/Troubleshooting
2023-06-16 05:50:20 [9@NFC-LAB01]
Warning: an email was undeliverable to supichasupichaya@gmail.com with 1 retries remaining. Message: [GLPI #0000006] New followup เข้า data-server ไม่ได้, Error: SMTP connect() failed. https://github.com/PHPMailer/PHPMailer/wiki/Troubleshooting
2023-06-16 05:50:20 [9@NFC-LAB01]
Warning: an email was undeliverable to itnfc@northernfoodcomplex.com with 1 retries remaining. Message: [GLPI #0000006] ปิด Ticket เข้า data-server ไม่ได้, Error: SMTP connect() failed. https://github.com/PHPMailer/PHPMailer/wiki/Troubleshooting
2023-06-16 05:50:20 [9@NFC-LAB01]
Warning: an email was undeliverable to supichasupichaya@gmail.com with 1 retries remaining. Message: [GLPI #0000006] ปิด Ticket เข้า data-server ไม่ได้, Error: SMTP connect() failed. https://github.com/PHPMailer/PHPMailer/wiki/Troubleshooting
2023-06-16 05:50:20 [9@NFC-LAB01]
Warning: an email was undeliverable to itnfc@northernfoodcomplex.com with 1 retries remaining. Message: [GLPI #0000005] ปิด Ticket PM - IT01, Error: SMTP connect() failed. https://github.com/PHPMailer/PHPMailer/wiki/Troubleshooting
2023-06-16 05:50:20 [9@NFC-LAB01]
Warning: an email was undeliverable to sam47290800@gmail.com with 1 retries remaining. Message: [GLPI #0000005] ปิด Ticket PM - IT01, Error: SMTP connect() failed. https://github.com/PHPMailer/PHPMailer/wiki/Troubleshooting
2023-06-16 05:50:20 [9@NFC-LAB01]
Warning: an email was undeliverable to itnfc@northernfoodcomplex.com with 1 retries remaining. Message: [GLPI #0000004] ลบ Ticket test, Error: SMTP connect() failed. https://github.com/PHPMailer/PHPMailer/wiki/Troubleshooting
2023-06-16 05:58:34 [@NFC-LAB01]
Warning: an email was undeliverable to itnfc@northernfoodcomplex.com with 0 retries remaining. Message: [GLPI #0000006] แจ้งเคสใหม่ เข้า data-server ไม่ได้, Error: SMTP connect() failed. https://github.com/PHPMailer/PHPMailer/wiki/Troubleshooting
2023-06-16 05:58:34 [@NFC-LAB01]
Fatal error: giving up delivery of email to itnfc@northernfoodcomplex.com: [GLPI #0000006] แจ้งเคสใหม่ เข้า data-server ไม่ได้
2023-06-16 05:58:34 [@NFC-LAB01]
Warning: an email was undeliverable to supichasupichaya@gmail.com with 0 retries remaining. Message: [GLPI #0000006] แจ้งเคสใหม่ เข้า data-server ไม่ได้, Error: SMTP connect() failed. https://github.com/PHPMailer/PHPMailer/wiki/Troubleshooting
2023-06-16 05:58:34 [@NFC-LAB01]
Fatal error: giving up delivery of email to supichasupichaya@gmail.com: [GLPI #0000006] แจ้งเคสใหม่ เข้า data-server ไม่ได้
2023-06-16 05:58:34 [@NFC-LAB01]
Warning: an email was undeliverable to itnfc@northernfoodcomplex.com with 0 retries remaining. Message: [GLPI #0000006] New followup เข้า data-server ไม่ได้, Error: SMTP connect() failed. https://github.com/PHPMailer/PHPMailer/wiki/Troubleshooting
2023-06-16 05:58:34 [@NFC-LAB01]
Fatal error: giving up delivery of email to itnfc@northernfoodcomplex.com: [GLPI #0000006] New followup เข้า data-server ไม่ได้
2023-06-16 05:58:34 [@NFC-LAB01]
Warning: an email was undeliverable to supichasupichaya@gmail.com with 0 retries remaining. Message: [GLPI #0000006] New followup เข้า data-server ไม่ได้, Error: SMTP connect() failed. https://github.com/PHPMailer/PHPMailer/wiki/Troubleshooting
2023-06-16 05:58:34 [@NFC-LAB01]
Fatal error: giving up delivery of email to supichasupichaya@gmail.com: [GLPI #0000006] New followup เข้า data-server ไม่ได้
2023-06-16 05:58:34 [@NFC-LAB01]
Warning: an email was undeliverable to itnfc@northernfoodcomplex.com with 0 retries remaining. Message: [GLPI #0000006] ปิด Ticket เข้า data-server ไม่ได้, Error: SMTP connect() failed. https://github.com/PHPMailer/PHPMailer/wiki/Troubleshooting
2023-06-16 05:58:34 [@NFC-LAB01]
Fatal error: giving up delivery of email to itnfc@northernfoodcomplex.com: [GLPI #0000006] ปิด Ticket เข้า data-server ไม่ได้
2023-06-16 05:58:34 [@NFC-LAB01]
Warning: an email was undeliverable to supichasupichaya@gmail.com with 0 retries remaining. Message: [GLPI #0000006] ปิด Ticket เข้า data-server ไม่ได้, Error: SMTP connect() failed. https://github.com/PHPMailer/PHPMailer/wiki/Troubleshooting
2023-06-16 05:58:34 [@NFC-LAB01]
Fatal error: giving up delivery of email to supichasupichaya@gmail.com: [GLPI #0000006] ปิด Ticket เข้า data-server ไม่ได้
2023-06-16 05:58:34 [@NFC-LAB01]
Warning: an email was undeliverable to itnfc@northernfoodcomplex.com with 0 retries remaining. Message: [GLPI #0000005] ปิด Ticket PM - IT01, Error: SMTP connect() failed. https://github.com/PHPMailer/PHPMailer/wiki/Troubleshooting
2023-06-16 05:58:34 [@NFC-LAB01]
Fatal error: giving up delivery of email to itnfc@northernfoodcomplex.com: [GLPI #0000005] ปิด Ticket PM - IT01
2023-06-16 05:58:34 [@NFC-LAB01]
Warning: an email was undeliverable to sam47290800@gmail.com with 0 retries remaining. Message: [GLPI #0000005] ปิด Ticket PM - IT01, Error: SMTP connect() failed. https://github.com/PHPMailer/PHPMailer/wiki/Troubleshooting
2023-06-16 05:58:34 [@NFC-LAB01]
Fatal error: giving up delivery of email to sam47290800@gmail.com: [GLPI #0000005] ปิด Ticket PM - IT01
2023-06-16 05:58:34 [@NFC-LAB01]
Warning: an email was undeliverable to itnfc@northernfoodcomplex.com with 0 retries remaining. Message: [GLPI #0000004] ลบ Ticket test, Error: SMTP connect() failed. https://github.com/PHPMailer/PHPMailer/wiki/Troubleshooting
2023-06-16 05:58:34 [@NFC-LAB01]
Fatal error: giving up delivery of email to itnfc@northernfoodcomplex.com: [GLPI #0000004] ลบ Ticket test
2023-06-16 08:26:08 [@NFC-LAB01]
Warning: an email was undeliverable to itnfc@northernfoodcomplex.com with 5 retries remaining. Message: [GLPI #0000007] แจ้งเคสใหม่ คีย์บอร์ดค้าง, Error: SMTP connect() failed. https://github.com/PHPMailer/PHPMailer/wiki/Troubleshooting
2023-06-16 08:26:08 [@NFC-LAB01]
Warning: an email was undeliverable to itnfc@northernfoodcomplex.com with 5 retries remaining. Message: [GLPI #0000003] New followup ไฟตก คอมพิวเตอร์ Boot ไม่ขึ้น, Error: SMTP connect() failed. https://github.com/PHPMailer/PHPMailer/wiki/Troubleshooting
2023-06-16 08:26:08 [@NFC-LAB01]
Warning: an email was undeliverable to sam47290800@gmail.com with 5 retries remaining. Message: [GLPI #0000003] New followup ไฟตก คอมพิวเตอร์ Boot ไม่ขึ้น, Error: SMTP connect() failed. https://github.com/PHPMailer/PHPMailer/wiki/Troubleshooting
2023-06-16 08:26:08 [@NFC-LAB01]
Warning: an email was undeliverable to itnfc@northernfoodcomplex.com with 5 retries remaining. Message: [GLPI #0000003] ปิด Ticket ไฟตก คอมพิวเตอร์ Boot ไม่ขึ้น, Error: SMTP connect() failed. https://github.com/PHPMailer/PHPMailer/wiki/Troubleshooting
2023-06-16 08:26:08 [@NFC-LAB01]
Warning: an email was undeliverable to sam47290800@gmail.com with 5 retries remaining. Message: [GLPI #0000003] ปิด Ticket ไฟตก คอมพิวเตอร์ Boot ไม่ขึ้น, Error: SMTP connect() failed. https://github.com/PHPMailer/PHPMailer/wiki/Troubleshooting
2023-06-16 08:26:08 [@NFC-LAB01]
Warning: an email was undeliverable to itnfc@northernfoodcomplex.com with 5 retries remaining. Message: [GLPI #0000007] New followup คีย์บอร์ดค้าง, Error: SMTP connect() failed. https://github.com/PHPMailer/PHPMailer/wiki/Troubleshooting
2023-06-16 08:26:08 [@NFC-LAB01]
Warning: an email was undeliverable to itnfc@northernfoodcomplex.com with 5 retries remaining. Message: [GLPI #0000007] ปิด Ticket คีย์บอร์ดค้าง, Error: SMTP connect() failed. https://github.com/PHPMailer/PHPMailer/wiki/Troubleshooting
2023-06-27 09:53:18 [9@NFC-LAB01]
Warning: an email was undeliverable to itnfc@northernfoodcomplex.com with 4 retries remaining. Message: [GLPI #0000007] แจ้งเคสใหม่ คีย์บอร์ดค้าง, Error: SMTP connect() failed. https://github.com/PHPMailer/PHPMailer/wiki/Troubleshooting
2023-06-27 09:53:18 [9@NFC-LAB01]
Warning: an email was undeliverable to itnfc@northernfoodcomplex.com with 4 retries remaining. Message: [GLPI #0000003] New followup ไฟตก คอมพิวเตอร์ Boot ไม่ขึ้น, Error: SMTP connect() failed. https://github.com/PHPMailer/PHPMailer/wiki/Troubleshooting
2023-06-27 09:53:18 [9@NFC-LAB01]
Warning: an email was undeliverable to sam47290800@gmail.com with 4 retries remaining. Message: [GLPI #0000003] New followup ไฟตก คอมพิวเตอร์ Boot ไม่ขึ้น, Error: SMTP connect() failed. https://github.com/PHPMailer/PHPMailer/wiki/Troubleshooting
2023-06-27 09:53:18 [9@NFC-LAB01]
Warning: an email was undeliverable to itnfc@northernfoodcomplex.com with 4 retries remaining. Message: [GLPI #0000003] ปิด Ticket ไฟตก คอมพิวเตอร์ Boot ไม่ขึ้น, Error: SMTP connect() failed. https://github.com/PHPMailer/PHPMailer/wiki/Troubleshooting
2023-06-27 09:53:18 [9@NFC-LAB01]
Warning: an email was undeliverable to sam47290800@gmail.com with 4 retries remaining. Message: [GLPI #0000003] ปิด Ticket ไฟตก คอมพิวเตอร์ Boot ไม่ขึ้น, Error: SMTP connect() failed. https://github.com/PHPMailer/PHPMailer/wiki/Troubleshooting
2023-06-27 09:53:18 [9@NFC-LAB01]
Warning: an email was undeliverable to itnfc@northernfoodcomplex.com with 4 retries remaining. Message: [GLPI #0000007] New followup คีย์บอร์ดค้าง, Error: SMTP connect() failed. https://github.com/PHPMailer/PHPMailer/wiki/Troubleshooting
2023-06-27 09:53:18 [9@NFC-LAB01]
Warning: an email was undeliverable to itnfc@northernfoodcomplex.com with 4 retries remaining. Message: [GLPI #0000007] ปิด Ticket คีย์บอร์ดค้าง, Error: SMTP connect() failed. https://github.com/PHPMailer/PHPMailer/wiki/Troubleshooting
