2023-03-18 09:32:23 [2@NFC-LAB01]
0 second for "GLPI Inventory plugin installation" @ 2023-03-18 09:32:23 [2@NFC-LAB01]
0 second for "Clean data from old installation of the plugin" @ 2023-03-18 09:32:23 [2@NFC-LAB01]
0 second for "Clean rules from old installation of the plugin" @ 2023-03-18 09:32:25 [2@NFC-LAB01]
2 second for "Creation tables in database" @ 2023-03-18 09:32:25 [2@NFC-LAB01]
0 second for "Creation of folders" @ 2023-03-18 09:32:25 [2@NFC-LAB01]
0 second for "Initialize profiles" @ 2023-03-18 09:32:25 [2@NFC-LAB01]
0 second for "Initialize configuration" @ 2023-03-18 09:32:25 [2@NFC-LAB01]
0 second for "Initialize agent TASKS" @ 2023-03-18 09:52:30 [2@NFC-LAB01]
0 second for "GLPI Inventory plugin installation" @ 2023-03-18 09:52:30 [2@NFC-LAB01]
0 second for "Clean data from old installation of the plugin" @ 2023-03-18 09:52:30 [2@NFC-LAB01]
0 second for "Clean rules from old installation of the plugin" @ 2023-03-18 09:52:31 [2@NFC-LAB01]
1 second for "Creation tables in database" @ 2023-03-18 09:52:31 [2@NFC-LAB01]
0 second for "Creation of folders" @ 2023-03-18 09:52:32 [2@NFC-LAB01]
1 second for "Initialize profiles" @ 2023-03-18 09:52:32 [2@NFC-LAB01]
0 second for "Initialize configuration" @ 2023-03-18 09:52:32 [2@NFC-LAB01]
0 second for "Initialize agent TASKS" @ 2023-03-18 09:55:29 [2@NFC-LAB01]
0 second for "Migration Classname : Migration" @ 2023-03-18 09:55:33 [2@NFC-LAB01]
4 second for "Update of plugin GLPI Inventory" @ 2023-03-18 09:55:33 [2@NFC-LAB01]
0 second for "เปลี่ยนของรูปแบบฐานข้อมูล - glpi_plugin_glpiinventory_agents" @ 2023-03-18 09:55:33 [2@NFC-LAB01]
0 second for "เปลี่ยนของรูปแบบฐานข้อมูล - glpi_plugin_glpiinventory_agents" @ 2023-03-18 09:55:33 [2@NFC-LAB01]
0 second for "เปลี่ยนของรูปแบบฐานข้อมูล - glpi_plugin_glpiinventory_agents" @ 2023-03-18 09:55:33 [2@NFC-LAB01]
0 second for "เปลี่ยนของรูปแบบฐานข้อมูล - glpi_plugin_glpiinventory_agentmodules" @ 2023-03-18 09:55:33 [2@NFC-LAB01]
0 second for "เปลี่ยนของรูปแบบฐานข้อมูล - glpi_plugin_glpiinventory_configs" @ 2023-03-18 09:55:33 [2@NFC-LAB01]
0 second for "เปลี่ยนของรูปแบบฐานข้อมูล - glpi_plugin_glpiinventory_configs" @ 2023-03-18 09:55:33 [2@NFC-LAB01]
0 second for "Adding unicity indices - glpi_plugin_glpiinventory_configs" @ 2023-03-18 09:55:33 [2@NFC-LAB01]
0 second for "เปลี่ยนของรูปแบบฐานข้อมูล - glpi_plugin_glpiinventory_entities" @ 2023-03-18 09:55:33 [2@NFC-LAB01]
0 second for "เปลี่ยนของรูปแบบฐานข้อมูล - glpi_plugin_glpiinventory_entities" @ 2023-03-18 09:55:33 [2@NFC-LAB01]
0 second for "เปลี่ยนของรูปแบบฐานข้อมูล - glpi_plugin_glpiinventory_entities" @ 2023-03-18 09:55:34 [2@NFC-LAB01]
1 second for "เปลี่ยนของรูปแบบฐานข้อมูล - glpi_plugin_glpiinventory_locks" @ 2023-03-18 09:55:34 [2@NFC-LAB01]
0 second for "เปลี่ยนของรูปแบบฐานข้อมูล - glpi_plugin_glpiinventory_locks" @ 2023-03-18 09:55:34 [2@NFC-LAB01]
0 second for "เปลี่ยนของรูปแบบฐานข้อมูล - glpi_plugin_glpiinventory_locks" @ 2023-03-18 09:55:34 [2@NFC-LAB01]
0 second for "เปลี่ยนของรูปแบบฐานข้อมูล - glpi_plugin_glpiinventory_locks" @ 2023-03-18 09:55:34 [2@NFC-LAB01]
0 second for "Adding unicity indices - glpi_plugin_glpiinventory_locks" @ 2023-03-18 09:55:34 [2@NFC-LAB01]
0 second for "เปลี่ยนของรูปแบบฐานข้อมูล - glpi_plugin_glpiinventory_ignoredimportdevices" @ 2023-03-18 09:55:34 [2@NFC-LAB01]
0 second for "เปลี่ยนของรูปแบบฐานข้อมูล - glpi_plugin_glpiinventory_ignoredimportdevices" @ 2023-03-18 09:55:34 [2@NFC-LAB01]
0 second for "เปลี่ยนของรูปแบบฐานข้อมูล - glpi_plugin_glpiinventory_ignoredimportdevices" @ 2023-03-18 09:55:34 [2@NFC-LAB01]
0 second for "เปลี่ยนของรูปแบบฐานข้อมูล - glpi_plugin_glpiinventory_rulematchedlogs" @ 2023-03-18 09:55:34 [2@NFC-LAB01]
0 second for "เปลี่ยนของรูปแบบฐานข้อมูล - glpi_plugin_glpiinventory_rulematchedlogs" @ 2023-03-18 09:55:35 [2@NFC-LAB01]
1 second for "เปลี่ยนของรูปแบบฐานข้อมูล - glpi_plugin_glpiinventory_unmanageds" @ 2023-03-18 09:55:35 [2@NFC-LAB01]
0 second for "เปลี่ยนของรูปแบบฐานข้อมูล - glpi_plugin_glpiinventory_unmanageds" @ 2023-03-18 09:55:35 [2@NFC-LAB01]
0 second for "เปลี่ยนของรูปแบบฐานข้อมูล - glpi_plugin_glpiinventory_unmanageds" @ 2023-03-18 09:55:35 [2@NFC-LAB01]
0 second for "เปลี่ยนของรูปแบบฐานข้อมูล - glpi_plugin_glpiinventory_inventorycomputercriterias" @ 2023-03-18 09:55:35 [2@NFC-LAB01]
0 second for "เปลี่ยนของรูปแบบฐานข้อมูล - glpi_plugin_glpiinventory_inventorycomputercriterias" @ 2023-03-18 09:55:35 [2@NFC-LAB01]
0 second for "เปลี่ยนของรูปแบบฐานข้อมูล - glpi_plugin_glpiinventory_inventorycomputercriterias" @ 2023-03-18 09:55:35 [2@NFC-LAB01]
0 second for "เปลี่ยนของรูปแบบฐานข้อมูล - glpi_plugin_glpiinventory_inventorycomputerblacklists" @ 2023-03-18 09:55:35 [2@NFC-LAB01]
0 second for "เปลี่ยนของรูปแบบฐานข้อมูล - glpi_plugin_glpiinventory_inventorycomputerblacklists" @ 2023-03-18 09:55:35 [2@NFC-LAB01]
0 second for "เปลี่ยนของรูปแบบฐานข้อมูล - glpi_plugin_glpiinventory_inventorycomputerblacklists" @ 2023-03-18 09:55:35 [2@NFC-LAB01]
0 second for "เปลี่ยนของรูปแบบฐานข้อมูล - glpi_plugin_glpiinventory_inventorycomputercomputers" @ 2023-03-18 09:55:36 [2@NFC-LAB01]
1 second for "เปลี่ยนของรูปแบบฐานข้อมูล - glpi_plugin_glpiinventory_inventorycomputercomputers" @ 2023-03-18 09:55:36 [2@NFC-LAB01]
0 second for "เปลี่ยนของรูปแบบฐานข้อมูล - glpi_plugin_glpiinventory_inventorycomputercomputers" @ 2023-03-18 09:55:36 [2@NFC-LAB01]
0 second for "เปลี่ยนของรูปแบบฐานข้อมูล - glpi_plugin_glpiinventory_computerlicenseinfos" @ 2023-03-18 09:55:36 [2@NFC-LAB01]
0 second for "เปลี่ยนของรูปแบบฐานข้อมูล - glpi_plugin_glpiinventory_computerlicenseinfos" @ 2023-03-18 09:55:36 [2@NFC-LAB01]
0 second for "เปลี่ยนของรูปแบบฐานข้อมูล - glpi_plugin_glpiinventory_computerlicenseinfos" @ 2023-03-18 09:55:36 [2@NFC-LAB01]
0 second for "เปลี่ยนของรูปแบบฐานข้อมูล - glpi_plugin_glpiinventory_computerremotemanagements" @ 2023-03-18 09:55:36 [2@NFC-LAB01]
0 second for "เปลี่ยนของรูปแบบฐานข้อมูล - glpi_plugin_glpiinventory_computerremotemanagements" @ 2023-03-18 09:55:36 [2@NFC-LAB01]
0 second for "เปลี่ยนของรูปแบบฐานข้อมูล - glpi_plugin_glpiinventory_computerremotemanagements" @ 2023-03-18 09:55:36 [2@NFC-LAB01]
0 second for "เปลี่ยนของรูปแบบฐานข้อมูล - glpi_plugin_glpiinventory_inventorycomputercomputers" @ 2023-03-18 09:55:36 [2@NFC-LAB01]
0 second for "เปลี่ยนของรูปแบบฐานข้อมูล - glpi_plugin_glpiinventory_dblockinventorynames" @ 2023-03-18 09:55:36 [2@NFC-LAB01]
0 second for "เปลี่ยนของรูปแบบฐานข้อมูล - glpi_plugin_glpiinventory_dblockinventorynames" @ 2023-03-18 09:55:36 [2@NFC-LAB01]
0 second for "Adding unicity indices - glpi_plugin_glpiinventory_dblockinventorynames" @ 2023-03-18 09:55:36 [2@NFC-LAB01]
0 second for "เปลี่ยนของรูปแบบฐานข้อมูล - glpi_plugin_glpiinventory_dblockinventories" @ 2023-03-18 09:55:37 [2@NFC-LAB01]
1 second for "เปลี่ยนของรูปแบบฐานข้อมูล - glpi_plugin_glpiinventory_dblockinventories" @ 2023-03-18 09:55:37 [2@NFC-LAB01]
0 second for "Adding unicity indices - glpi_plugin_glpiinventory_dblockinventories" @ 2023-03-18 09:55:37 [2@NFC-LAB01]
0 second for "เปลี่ยนของรูปแบบฐานข้อมูล - glpi_plugin_glpiinventory_dblocksoftwares" @ 2023-03-18 09:55:37 [2@NFC-LAB01]
0 second for "เปลี่ยนของรูปแบบฐานข้อมูล - glpi_plugin_glpiinventory_dblocksoftwares" @ 2023-03-18 09:55:37 [2@NFC-LAB01]
0 second for "Adding unicity indices - glpi_plugin_glpiinventory_dblocksoftwares" @ 2023-03-18 09:55:37 [2@NFC-LAB01]
0 second for "เปลี่ยนของรูปแบบฐานข้อมูล - glpi_plugin_glpiinventory_dblocksoftwareversions" @ 2023-03-18 09:55:37 [2@NFC-LAB01]
0 second for "เปลี่ยนของรูปแบบฐานข้อมูล - glpi_plugin_glpiinventory_dblocksoftwareversions" @ 2023-03-18 09:55:37 [2@NFC-LAB01]
0 second for "Adding unicity indices - glpi_plugin_glpiinventory_dblocksoftwareversions" @ 2023-03-18 09:55:37 [2@NFC-LAB01]
0 second for "เปลี่ยนของรูปแบบฐานข้อมูล - glpi_plugin_glpiinventory_taskjobs" @ 2023-03-18 09:55:38 [2@NFC-LAB01]
1 second for "เปลี่ยนของรูปแบบฐานข้อมูล - glpi_plugin_glpiinventory_ipranges" @ 2023-03-18 09:55:38 [2@NFC-LAB01]
0 second for "เปลี่ยนของรูปแบบฐานข้อมูล - glpi_plugin_glpiinventory_ipranges_configsecurities" @ 2023-03-18 09:55:38 [2@NFC-LAB01]
0 second for "เปลี่ยนของรูปแบบฐานข้อมูล - glpi_plugin_glpiinventory_ipranges_configsecurities" @ 2023-03-18 09:55:38 [2@NFC-LAB01]
0 second for "เปลี่ยนของรูปแบบฐานข้อมูล - glpi_plugin_glpiinventory_configlogfields" @ 2023-03-18 09:55:38 [2@NFC-LAB01]
0 second for "เปลี่ยนของรูปแบบฐานข้อมูล - glpi_plugin_glpiinventory_configlogfields" @ 2023-03-18 09:55:38 [2@NFC-LAB01]
0 second for "เปลี่ยนของรูปแบบฐานข้อมูล - glpi_plugin_glpiinventory_networkportconnectionlogs" @ 2023-03-18 09:55:38 [2@NFC-LAB01]
0 second for "เปลี่ยนของรูปแบบฐานข้อมูล - glpi_plugin_glpiinventory_networkportconnectionlogs" @ 2023-03-18 09:55:38 [2@NFC-LAB01]
0 second for "เปลี่ยนของรูปแบบฐานข้อมูล - glpi_plugin_glpiinventory_networkporttypes" @ 2023-03-18 09:55:38 [2@NFC-LAB01]
0 second for "เปลี่ยนของรูปแบบฐานข้อมูล - glpi_plugin_glpiinventory_networkporttypes" @ 2023-03-18 09:55:39 [2@NFC-LAB01]
1 second for "เปลี่ยนของรูปแบบฐานข้อมูล - glpi_plugin_glpiinventory_networkports" @ 2023-03-18 09:55:39 [2@NFC-LAB01]
0 second for "เปลี่ยนของรูปแบบฐานข้อมูล - glpi_plugin_glpiinventory_networkports" @ 2023-03-18 09:55:39 [2@NFC-LAB01]
0 second for "เปลี่ยนของรูปแบบฐานข้อมูล - glpi_plugin_glpiinventory_networkportlogs" @ 2023-03-18 09:55:39 [2@NFC-LAB01]
0 second for "เปลี่ยนของรูปแบบฐานข้อมูล - glpi_plugin_glpiinventory_networkportlogs" @ 2023-03-18 09:55:39 [2@NFC-LAB01]
0 second for "เปลี่ยนของรูปแบบฐานข้อมูล - glpi_plugin_glpiinventory_networkportlogs" @ 2023-03-18 09:55:39 [2@NFC-LAB01]
0 second for "เปลี่ยนของรูปแบบฐานข้อมูล - glpi_plugin_glpiinventory_printers" @ 2023-03-18 09:55:40 [2@NFC-LAB01]
1 second for "เปลี่ยนของรูปแบบฐานข้อมูล - glpi_plugin_glpiinventory_printers" @ 2023-03-18 09:55:40 [2@NFC-LAB01]
0 second for "เปลี่ยนของรูปแบบฐานข้อมูล - glpi_plugin_glpiinventory_printerlogs" @ 2023-03-18 09:55:40 [2@NFC-LAB01]
0 second for "เปลี่ยนของรูปแบบฐานข้อมูล - glpi_plugin_glpiinventory_printerlogs" @ 2023-03-18 09:55:40 [2@NFC-LAB01]
0 second for "เปลี่ยนของรูปแบบฐานข้อมูล - glpi_plugin_glpiinventory_printercartridges" @ 2023-03-18 09:55:40 [2@NFC-LAB01]
0 second for "เปลี่ยนของรูปแบบฐานข้อมูล - glpi_plugin_glpiinventory_printercartridges" @ 2023-03-18 09:55:40 [2@NFC-LAB01]
0 second for "เปลี่ยนของรูปแบบฐานข้อมูล - glpi_plugin_glpiinventory_printercartridges" @ 2023-03-18 09:55:40 [2@NFC-LAB01]
0 second for "Clean printers" @ 2023-03-18 09:55:40 [2@NFC-LAB01]
0 second for "เปลี่ยนของรูปแบบฐานข้อมูล - glpi_plugin_glpiinventory_networkequipments" @ 2023-03-18 09:55:41 [2@NFC-LAB01]
1 second for "เปลี่ยนของรูปแบบฐานข้อมูล - glpi_plugin_glpiinventory_networkequipments" @ 2023-03-18 09:55:41 [2@NFC-LAB01]
0 second for "เปลี่ยนของรูปแบบฐานข้อมูล - glpi_plugin_glpiinventory_configsecurities" @ 2023-03-18 09:55:41 [2@NFC-LAB01]
0 second for "เปลี่ยนของรูปแบบฐานข้อมูล - glpi_plugin_glpiinventory_configsecurities" @ 2023-03-18 09:55:41 [2@NFC-LAB01]
0 second for "เปลี่ยนของรูปแบบฐานข้อมูล - glpi_plugin_glpiinventory_statediscoveries" @ 2023-03-18 09:55:41 [2@NFC-LAB01]
0 second for "เปลี่ยนของรูปแบบฐานข้อมูล - glpi_plugin_glpiinventory_deployfiles" @ 2023-03-18 09:55:41 [2@NFC-LAB01]
0 second for "เปลี่ยนของรูปแบบฐานข้อมูล - glpi_plugin_glpiinventory_deployfiles" @ 2023-03-18 09:55:41 [2@NFC-LAB01]
0 second for "เปลี่ยนของรูปแบบฐานข้อมูล - glpi_plugin_glpiinventory_deploypackages" @ 2023-03-18 09:55:41 [2@NFC-LAB01]
0 second for "เปลี่ยนของรูปแบบฐานข้อมูล - glpi_plugin_glpiinventory_deploypackages_entities" @ 2023-03-18 09:55:41 [2@NFC-LAB01]
0 second for "เปลี่ยนของรูปแบบฐานข้อมูล - glpi_plugin_glpiinventory_deploypackages_groups" @ 2023-03-18 09:55:42 [2@NFC-LAB01]
1 second for "เปลี่ยนของรูปแบบฐานข้อมูล - glpi_plugin_glpiinventory_deploypackages_profiles" @ 2023-03-18 09:55:42 [2@NFC-LAB01]
0 second for "เปลี่ยนของรูปแบบฐานข้อมูล - glpi_plugin_glpiinventory_deploypackages_users" @ 2023-03-18 09:55:42 [2@NFC-LAB01]
0 second for "เปลี่ยนของรูปแบบฐานข้อมูล - glpi_plugin_glpiinventory_deploymirrors" @ 2023-03-18 09:55:42 [2@NFC-LAB01]
0 second for "เปลี่ยนของรูปแบบฐานข้อมูล - glpi_plugin_glpiinventory_deploygroups" @ 2023-03-18 09:55:42 [2@NFC-LAB01]
0 second for "เปลี่ยนของรูปแบบฐานข้อมูล - glpi_plugin_glpiinventory_deploygroups_staticdatas" @ 2023-03-18 09:55:42 [2@NFC-LAB01]
0 second for "เปลี่ยนของรูปแบบฐานข้อมูล - glpi_plugin_glpiinventory_deploygroups_dynamicdatas" @ 2023-03-18 09:55:42 [2@NFC-LAB01]
0 second for "เปลี่ยนของรูปแบบฐานข้อมูล - glpi_plugin_glpiinventory_credentials" @ 2023-03-18 09:55:42 [2@NFC-LAB01]
0 second for "เปลี่ยนของรูปแบบฐานข้อมูล - glpi_plugin_glpiinventory_credentialips" @ 2023-03-18 09:55:43 [2@NFC-LAB01]
1 second for "เปลี่ยนของรูปแบบฐานข้อมูล - glpi_plugin_glpiinventory_collects" @ 2023-03-18 09:55:43 [2@NFC-LAB01]
0 second for "เปลี่ยนของรูปแบบฐานข้อมูล - glpi_plugin_glpiinventory_collects_registries" @ 2023-03-18 09:55:43 [2@NFC-LAB01]
0 second for "เปลี่ยนของรูปแบบฐานข้อมูล - glpi_plugin_glpiinventory_collects_registries_contents" @ 2023-03-18 09:55:43 [2@NFC-LAB01]
0 second for "เปลี่ยนของรูปแบบฐานข้อมูล - glpi_plugin_glpiinventory_collects_wmis" @ 2023-03-18 09:55:43 [2@NFC-LAB01]
0 second for "เปลี่ยนของรูปแบบฐานข้อมูล - glpi_plugin_glpiinventory_collects_wmis_contents" @ 2023-03-18 09:55:43 [2@NFC-LAB01]
0 second for "เปลี่ยนของรูปแบบฐานข้อมูล - glpi_plugin_glpiinventory_collects_files" @ 2023-03-18 09:55:43 [2@NFC-LAB01]
0 second for "เปลี่ยนของรูปแบบฐานข้อมูล - glpi_plugin_glpiinventory_collects_files_contents" @ 2023-03-18 09:55:43 [2@NFC-LAB01]
0 second for "เปลี่ยนของรูปแบบฐานข้อมูล - glpi_plugin_glpiinventory_tasks" @ 2023-03-18 09:55:44 [2@NFC-LAB01]
1 second for "เปลี่ยนของรูปแบบฐานข้อมูล - glpi_plugin_glpiinventory_taskjobs" @ 2023-03-18 09:55:44 [2@NFC-LAB01]
0 second for "เปลี่ยนของรูปแบบฐานข้อมูล - glpi_plugin_glpiinventory_taskjoblogs" @ 2023-03-18 09:55:44 [2@NFC-LAB01]
0 second for "เปลี่ยนของรูปแบบฐานข้อมูล - glpi_plugin_glpiinventory_taskjobstates" @ 2023-03-18 09:55:44 [2@NFC-LAB01]
0 second for "เปลี่ยนของรูปแบบฐานข้อมูล - glpi_plugin_glpiinventory_taskjobstates" @ 2023-03-18 09:55:44 [2@NFC-LAB01]
0 second for "เปลี่ยนของรูปแบบฐานข้อมูล - glpi_plugin_glpiinventory_timeslots" @ 2023-03-18 09:55:44 [2@NFC-LAB01]
0 second for "เปลี่ยนของรูปแบบฐานข้อมูล - glpi_plugin_glpiinventory_timeslotentries" @ 2023-03-18 09:55:44 [2@NFC-LAB01]
0 second for "Add Crontasks" @ 2023-03-18 09:55:44 [2@NFC-LAB01]
0 second for "Migration Classname : Migration" @ 2023-03-18 09:55:44 [2@NFC-LAB01]
0 second for "Use core capabilities" @ 2023-03-18 09:55:45 [2@NFC-LAB01]
1 second for "Use core agent" @ 2023-03-18 09:55:45 [2@NFC-LAB01]
0 second for "Use core SNMP credentials" @ 2023-03-18 09:55:45 [2@NFC-LAB01]
0 second for "Use core network ports" @ 2023-03-18 09:55:45 [2@NFC-LAB01]
0 second for "Use core computers" @ 2023-03-18 09:55:45 [2@NFC-LAB01]
0 second for "Use core network equipments" @ 2023-03-18 09:55:45 [2@NFC-LAB01]
0 second for "Use core printers" @ 2023-03-18 09:55:45 [2@NFC-LAB01]
0 second for "Use core printer logs" @ 2023-03-18 09:55:45 [2@NFC-LAB01]
0 second for "Use core networkports logs" @ 2023-03-18 09:55:45 [2@NFC-LAB01]
0 second for "Use core network ports types" @ 2023-03-18 09:55:45 [2@NFC-LAB01]
0 second for "Use core unmanaged equipments" @ 2023-03-18 09:55:45 [2@NFC-LAB01]
0 second for "Drop ignored equipments" @ 2023-03-18 09:55:45 [2@NFC-LAB01]
0 second for "Use core rules" @ 2023-03-18 09:55:45 [2@NFC-LAB01]
0 second for "Use core remote management" @ 2023-03-18 09:55:45 [2@NFC-LAB01]
0 second for "Use core fields locks" @ 2023-03-18 09:55:45 [2@NFC-LAB01]
0 second for "Drop dblock tables" @ 2023-03-18 09:55:45 [2@NFC-LAB01]
0 second for "Use core entities" @ 2023-03-18 09:55:45 [2@NFC-LAB01]
0 second for "Drop network ports and printers logs tables" @ 2023-03-18 09:55:45 [2@NFC-LAB01]
0 second for "Drop inventory mapping table" @ 2023-03-18 09:55:46 [2@NFC-LAB01]
1 second for "Drop blacklists tables" @ 